[debug] [2025-05-24T21:15:37.305Z] ----------------------------------------------------------------------
[debug] [2025-05-24T21:15:37.306Z] Command:       /usr/local/bin/node /Users/merchito/.npm-global/bin/firebase deploy --only functions
[debug] [2025-05-24T21:15:37.306Z] CLI Version:   14.4.0
[debug] [2025-05-24T21:15:37.306Z] Platform:      darwin
[debug] [2025-05-24T21:15:37.306Z] Node Version:  v22.14.0
[debug] [2025-05-24T21:15:37.306Z] Time:          Sat May 24 2025 16:15:37 GMT-0500 (Colombia Standard Time)
[debug] [2025-05-24T21:15:37.306Z] ----------------------------------------------------------------------
[debug] 
[debug] [2025-05-24T21:15:37.368Z] > command requires scopes: ["email","openid","https://www.googleapis.com/auth/cloudplatformprojects.readonly","https://www.googleapis.com/auth/firebase","https://www.googleapis.com/auth/cloud-platform"]
[debug] [2025-05-24T21:15:37.368Z] > authorizing via signed-in user (bmerchansandoval@gmail.com)
[debug] [2025-05-24T21:15:37.368Z] [iam] checking project proyecto-final-dam-85abd for permissions ["cloudfunctions.functions.create","cloudfunctions.functions.delete","cloudfunctions.functions.get","cloudfunctions.functions.list","cloudfunctions.functions.update","cloudfunctions.operations.get","firebase.projects.get"]
[debug] [2025-05-24T21:15:37.368Z] Checked if tokens are valid: true, expires at: 1748123251875
[debug] [2025-05-24T21:15:37.369Z] Checked if tokens are valid: true, expires at: 1748123251875
[debug] [2025-05-24T21:15:37.369Z] >>> [apiv2][query] POST https://cloudresourcemanager.googleapis.com/v1/projects/proyecto-final-dam-85abd:testIamPermissions [none]
[debug] [2025-05-24T21:15:37.369Z] >>> [apiv2][(partial)header] POST https://cloudresourcemanager.googleapis.com/v1/projects/proyecto-final-dam-85abd:testIamPermissions x-goog-quota-user=projects/proyecto-final-dam-85abd
[debug] [2025-05-24T21:15:37.369Z] >>> [apiv2][body] POST https://cloudresourcemanager.googleapis.com/v1/projects/proyecto-final-dam-85abd:testIamPermissions {"permissions":["cloudfunctions.functions.create","cloudfunctions.functions.delete","cloudfunctions.functions.get","cloudfunctions.functions.list","cloudfunctions.functions.update","cloudfunctions.operations.get","firebase.projects.get"]}
[debug] [2025-05-24T21:15:37.843Z] <<< [apiv2][status] POST https://cloudresourcemanager.googleapis.com/v1/projects/proyecto-final-dam-85abd:testIamPermissions 200
[debug] [2025-05-24T21:15:37.843Z] <<< [apiv2][body] POST https://cloudresourcemanager.googleapis.com/v1/projects/proyecto-final-dam-85abd:testIamPermissions {"permissions":["cloudfunctions.functions.create","cloudfunctions.functions.delete","cloudfunctions.functions.get","cloudfunctions.functions.list","cloudfunctions.functions.update","cloudfunctions.operations.get","firebase.projects.get"]}
[debug] [2025-05-24T21:15:37.843Z] Checked if tokens are valid: true, expires at: 1748123251875
[debug] [2025-05-24T21:15:37.843Z] Checked if tokens are valid: true, expires at: 1748123251875
[debug] [2025-05-24T21:15:37.843Z] >>> [apiv2][query] POST https://iam.googleapis.com/v1/projects/proyecto-final-dam-85abd/serviceAccounts/proyecto-final-dam-85abd@appspot.gserviceaccount.com:testIamPermissions [none]
[debug] [2025-05-24T21:15:37.843Z] >>> [apiv2][body] POST https://iam.googleapis.com/v1/projects/proyecto-final-dam-85abd/serviceAccounts/proyecto-final-dam-85abd@appspot.gserviceaccount.com:testIamPermissions {"permissions":["iam.serviceAccounts.actAs"]}
[debug] [2025-05-24T21:15:38.301Z] <<< [apiv2][status] POST https://iam.googleapis.com/v1/projects/proyecto-final-dam-85abd/serviceAccounts/proyecto-final-dam-85abd@appspot.gserviceaccount.com:testIamPermissions 200
[debug] [2025-05-24T21:15:38.301Z] <<< [apiv2][body] POST https://iam.googleapis.com/v1/projects/proyecto-final-dam-85abd/serviceAccounts/proyecto-final-dam-85abd@appspot.gserviceaccount.com:testIamPermissions {"permissions":["iam.serviceAccounts.actAs"]}
[info] 
[info] === Deploying to 'proyecto-final-dam-85abd'...
[info] 
[info] i  deploying functions 
[info] Running command: npm --prefix "$RESOURCE_DIR" run lint
[info] ✔  functions: Finished running predeploy script. 
[debug] [2025-05-24T21:15:38.933Z] Checked if tokens are valid: true, expires at: 1748123251875
[debug] [2025-05-24T21:15:38.933Z] Checked if tokens are valid: true, expires at: 1748123251875
[debug] [2025-05-24T21:15:38.933Z] >>> [apiv2][query] GET https://serviceusage.googleapis.com/v1/projects/proyecto-final-dam-85abd/services/cloudresourcemanager.googleapis.com [none]
[debug] [2025-05-24T21:15:38.933Z] >>> [apiv2][(partial)header] GET https://serviceusage.googleapis.com/v1/projects/proyecto-final-dam-85abd/services/cloudresourcemanager.googleapis.com x-goog-quota-user=projects/proyecto-final-dam-85abd
[debug] [2025-05-24T21:15:39.560Z] <<< [apiv2][status] GET https://serviceusage.googleapis.com/v1/projects/proyecto-final-dam-85abd/services/cloudresourcemanager.googleapis.com 200
[debug] [2025-05-24T21:15:39.560Z] <<< [apiv2][body] GET https://serviceusage.googleapis.com/v1/projects/proyecto-final-dam-85abd/services/cloudresourcemanager.googleapis.com [omitted]
[debug] [2025-05-24T21:15:39.561Z] Checked if tokens are valid: true, expires at: 1748123251875
[debug] [2025-05-24T21:15:39.561Z] Checked if tokens are valid: true, expires at: 1748123251875
[debug] [2025-05-24T21:15:39.561Z] >>> [apiv2][query] GET https://cloudresourcemanager.googleapis.com/v1/projects/proyecto-final-dam-85abd [none]
[debug] [2025-05-24T21:15:39.699Z] <<< [apiv2][status] GET https://cloudresourcemanager.googleapis.com/v1/projects/proyecto-final-dam-85abd 200
[debug] [2025-05-24T21:15:39.699Z] <<< [apiv2][body] GET https://cloudresourcemanager.googleapis.com/v1/projects/proyecto-final-dam-85abd {"projectNumber":"582895250432","projectId":"proyecto-final-dam-85abd","lifecycleState":"ACTIVE","name":"Proyecto Final DAM","labels":{"firebase":"enabled","firebase-core":"disabled"},"createTime":"2025-04-29T16:30:58.843928Z"}
[info] i  functions: preparing codebase default for deployment 
[info] i  functions: ensuring required API cloudfunctions.googleapis.com is enabled... 
[debug] [2025-05-24T21:15:39.701Z] Checked if tokens are valid: true, expires at: 1748123251875
[debug] [2025-05-24T21:15:39.701Z] Checked if tokens are valid: true, expires at: 1748123251875
[debug] [2025-05-24T21:15:39.701Z] Checked if tokens are valid: true, expires at: 1748123251875
[debug] [2025-05-24T21:15:39.701Z] Checked if tokens are valid: true, expires at: 1748123251875
[info] i  functions: ensuring required API cloudbuild.googleapis.com is enabled... 
[debug] [2025-05-24T21:15:39.701Z] Checked if tokens are valid: true, expires at: 1748123251875
[debug] [2025-05-24T21:15:39.701Z] Checked if tokens are valid: true, expires at: 1748123251875
[info] i  artifactregistry: ensuring required API artifactregistry.googleapis.com is enabled... 
[debug] [2025-05-24T21:15:39.702Z] Checked if tokens are valid: true, expires at: 1748123251875
[debug] [2025-05-24T21:15:39.702Z] Checked if tokens are valid: true, expires at: 1748123251875
[debug] [2025-05-24T21:15:39.702Z] >>> [apiv2][query] GET https://serviceusage.googleapis.com/v1/projects/proyecto-final-dam-85abd/services/cloudfunctions.googleapis.com [none]
[debug] [2025-05-24T21:15:39.702Z] >>> [apiv2][(partial)header] GET https://serviceusage.googleapis.com/v1/projects/proyecto-final-dam-85abd/services/cloudfunctions.googleapis.com x-goog-quota-user=projects/proyecto-final-dam-85abd
[debug] [2025-05-24T21:15:39.702Z] >>> [apiv2][query] GET https://serviceusage.googleapis.com/v1/projects/proyecto-final-dam-85abd/services/runtimeconfig.googleapis.com [none]
[debug] [2025-05-24T21:15:39.703Z] >>> [apiv2][(partial)header] GET https://serviceusage.googleapis.com/v1/projects/proyecto-final-dam-85abd/services/runtimeconfig.googleapis.com x-goog-quota-user=projects/proyecto-final-dam-85abd
[debug] [2025-05-24T21:15:39.705Z] >>> [apiv2][query] GET https://serviceusage.googleapis.com/v1/projects/proyecto-final-dam-85abd/services/cloudbuild.googleapis.com [none]
[debug] [2025-05-24T21:15:39.705Z] >>> [apiv2][(partial)header] GET https://serviceusage.googleapis.com/v1/projects/proyecto-final-dam-85abd/services/cloudbuild.googleapis.com x-goog-quota-user=projects/proyecto-final-dam-85abd
[debug] [2025-05-24T21:15:39.706Z] >>> [apiv2][query] GET https://serviceusage.googleapis.com/v1/projects/proyecto-final-dam-85abd/services/artifactregistry.googleapis.com [none]
[debug] [2025-05-24T21:15:39.707Z] >>> [apiv2][(partial)header] GET https://serviceusage.googleapis.com/v1/projects/proyecto-final-dam-85abd/services/artifactregistry.googleapis.com x-goog-quota-user=projects/proyecto-final-dam-85abd
[debug] [2025-05-24T21:15:40.247Z] <<< [apiv2][status] GET https://serviceusage.googleapis.com/v1/projects/proyecto-final-dam-85abd/services/cloudfunctions.googleapis.com 200
[debug] [2025-05-24T21:15:40.248Z] <<< [apiv2][body] GET https://serviceusage.googleapis.com/v1/projects/proyecto-final-dam-85abd/services/cloudfunctions.googleapis.com [omitted]
[info] ✔  functions: required API cloudfunctions.googleapis.com is enabled 
[debug] [2025-05-24T21:15:40.314Z] <<< [apiv2][status] GET https://serviceusage.googleapis.com/v1/projects/proyecto-final-dam-85abd/services/runtimeconfig.googleapis.com 200
[debug] [2025-05-24T21:15:40.314Z] <<< [apiv2][body] GET https://serviceusage.googleapis.com/v1/projects/proyecto-final-dam-85abd/services/runtimeconfig.googleapis.com [omitted]
[debug] [2025-05-24T21:15:40.325Z] <<< [apiv2][status] GET https://serviceusage.googleapis.com/v1/projects/proyecto-final-dam-85abd/services/cloudbuild.googleapis.com 200
[debug] [2025-05-24T21:15:40.326Z] <<< [apiv2][body] GET https://serviceusage.googleapis.com/v1/projects/proyecto-final-dam-85abd/services/cloudbuild.googleapis.com [omitted]
[info] ✔  functions: required API cloudbuild.googleapis.com is enabled 
[debug] [2025-05-24T21:15:40.360Z] <<< [apiv2][status] GET https://serviceusage.googleapis.com/v1/projects/proyecto-final-dam-85abd/services/artifactregistry.googleapis.com 200
[debug] [2025-05-24T21:15:40.360Z] <<< [apiv2][body] GET https://serviceusage.googleapis.com/v1/projects/proyecto-final-dam-85abd/services/artifactregistry.googleapis.com [omitted]
[info] ✔  artifactregistry: required API artifactregistry.googleapis.com is enabled 
[debug] [2025-05-24T21:15:40.361Z] Checked if tokens are valid: true, expires at: 1748123251875
[debug] [2025-05-24T21:15:40.361Z] Checked if tokens are valid: true, expires at: 1748123251875
[debug] [2025-05-24T21:15:40.361Z] >>> [apiv2][query] GET https://firebase.googleapis.com/v1beta1/projects/proyecto-final-dam-85abd/adminSdkConfig [none]
[debug] [2025-05-24T21:15:40.876Z] <<< [apiv2][status] GET https://firebase.googleapis.com/v1beta1/projects/proyecto-final-dam-85abd/adminSdkConfig 200
[debug] [2025-05-24T21:15:40.877Z] <<< [apiv2][body] GET https://firebase.googleapis.com/v1beta1/projects/proyecto-final-dam-85abd/adminSdkConfig {"projectId":"proyecto-final-dam-85abd","storageBucket":"proyecto-final-dam-85abd.firebasestorage.app"}
[debug] [2025-05-24T21:15:40.878Z] Checked if tokens are valid: true, expires at: 1748123251875
[debug] [2025-05-24T21:15:40.878Z] Checked if tokens are valid: true, expires at: 1748123251875
[debug] [2025-05-24T21:15:40.878Z] >>> [apiv2][query] GET https://runtimeconfig.googleapis.com/v1beta1/projects/proyecto-final-dam-85abd/configs [none]
[debug] [2025-05-24T21:15:41.306Z] <<< [apiv2][status] GET https://runtimeconfig.googleapis.com/v1beta1/projects/proyecto-final-dam-85abd/configs 200
[debug] [2025-05-24T21:15:41.306Z] <<< [apiv2][body] GET https://runtimeconfig.googleapis.com/v1beta1/projects/proyecto-final-dam-85abd/configs {}
[debug] [2025-05-24T21:15:41.308Z] Validating nodejs source
[debug] [2025-05-24T21:15:42.055Z] > [functions] package.json contents: {
  "name": "functions",
  "description": "Cloud Functions for Firebase",
  "scripts": {
    "lint": "eslint .",
    "serve": "firebase emulators:start --only functions",
    "shell": "firebase functions:shell",
    "start": "npm run shell",
    "deploy": "firebase deploy --only functions",
    "logs": "firebase functions:log"
  },
  "engines": {
    "node": "20"
  },
  "main": "index.js",
  "dependencies": {
    "firebase-admin": "^12.6.0",
    "firebase-functions": "^6.3.2",
    "node-fetch": "^3.3.2"
  },
  "devDependencies": {
    "eslint": "^8.15.0",
    "eslint-config-google": "^0.14.0",
    "firebase-functions-test": "^3.1.0"
  },
  "private": true
}
[debug] [2025-05-24T21:15:42.055Z] Building nodejs source
[info] i  functions: Loading and analyzing source code for codebase default to determine what to deploy 
[debug] [2025-05-24T21:15:42.056Z] Could not find functions.yaml. Must use http discovery
[debug] [2025-05-24T21:15:42.062Z] Found firebase-functions binary at '/Users/merchito/Desktop/Quinto semestre/DAM/WheelsApp/Wheels-App/functions/node_modules/.bin/firebase-functions'
[info] Serving at port 8578

[debug] [2025-05-24T21:15:42.264Z] Got response from /__/functions.yaml {"endpoints":{"enviarNotificacionExpo":{"availableMemoryMb":null,"timeoutSeconds":null,"minInstances":null,"maxInstances":null,"ingressSettings":null,"concurrency":null,"serviceAccountEmail":null,"vpc":null,"platform":"gcfv2","labels":{},"eventTrigger":{"eventType":"google.cloud.firestore.document.v1.created","eventFilters":{"database":"(default)","namespace":"(default)"},"eventFilterPathPatterns":{"document":"viajes/{viajeId}/sugerencias/{sugerenciaId}"},"retry":false},"entryPoint":"enviarNotificacionExpo"}},"specVersion":"v1alpha1","requiredAPIs":[],"extensions":{}}
[info] i  extensions: ensuring required API firebaseextensions.googleapis.com is enabled... 
[debug] [2025-05-24T21:15:46.282Z] Checked if tokens are valid: true, expires at: 1748123251875
[debug] [2025-05-24T21:15:46.283Z] Checked if tokens are valid: true, expires at: 1748123251875
[debug] [2025-05-24T21:15:46.283Z] >>> [apiv2][query] GET https://serviceusage.googleapis.com/v1/projects/proyecto-final-dam-85abd/services/firebaseextensions.googleapis.com [none]
[debug] [2025-05-24T21:15:46.283Z] >>> [apiv2][(partial)header] GET https://serviceusage.googleapis.com/v1/projects/proyecto-final-dam-85abd/services/firebaseextensions.googleapis.com x-goog-quota-user=projects/proyecto-final-dam-85abd
[debug] [2025-05-24T21:15:46.893Z] <<< [apiv2][status] GET https://serviceusage.googleapis.com/v1/projects/proyecto-final-dam-85abd/services/firebaseextensions.googleapis.com 200
[debug] [2025-05-24T21:15:46.893Z] <<< [apiv2][body] GET https://serviceusage.googleapis.com/v1/projects/proyecto-final-dam-85abd/services/firebaseextensions.googleapis.com [omitted]
[info] ✔  extensions: required API firebaseextensions.googleapis.com is enabled 
[debug] [2025-05-24T21:15:46.894Z] > command requires scopes: ["email","openid","https://www.googleapis.com/auth/cloudplatformprojects.readonly","https://www.googleapis.com/auth/firebase","https://www.googleapis.com/auth/cloud-platform"]
[debug] [2025-05-24T21:15:46.894Z] > authorizing via signed-in user (bmerchansandoval@gmail.com)
[debug] [2025-05-24T21:15:46.894Z] [iam] checking project proyecto-final-dam-85abd for permissions ["firebase.projects.get","firebaseextensions.instances.list"]
[debug] [2025-05-24T21:15:46.895Z] Checked if tokens are valid: true, expires at: 1748123251875
[debug] [2025-05-24T21:15:46.895Z] Checked if tokens are valid: true, expires at: 1748123251875
[debug] [2025-05-24T21:15:46.895Z] >>> [apiv2][query] POST https://cloudresourcemanager.googleapis.com/v1/projects/proyecto-final-dam-85abd:testIamPermissions [none]
[debug] [2025-05-24T21:15:46.895Z] >>> [apiv2][(partial)header] POST https://cloudresourcemanager.googleapis.com/v1/projects/proyecto-final-dam-85abd:testIamPermissions x-goog-quota-user=projects/proyecto-final-dam-85abd
[debug] [2025-05-24T21:15:46.895Z] >>> [apiv2][body] POST https://cloudresourcemanager.googleapis.com/v1/projects/proyecto-final-dam-85abd:testIamPermissions {"permissions":["firebase.projects.get","firebaseextensions.instances.list"]}
[debug] [2025-05-24T21:15:47.337Z] <<< [apiv2][status] POST https://cloudresourcemanager.googleapis.com/v1/projects/proyecto-final-dam-85abd:testIamPermissions 200
[debug] [2025-05-24T21:15:47.338Z] <<< [apiv2][body] POST https://cloudresourcemanager.googleapis.com/v1/projects/proyecto-final-dam-85abd:testIamPermissions {"permissions":["firebase.projects.get","firebaseextensions.instances.list"]}
[debug] [2025-05-24T21:15:47.338Z] Checked if tokens are valid: true, expires at: 1748123251875
[debug] [2025-05-24T21:15:47.338Z] Checked if tokens are valid: true, expires at: 1748123251875
[debug] [2025-05-24T21:15:47.339Z] >>> [apiv2][query] GET https://firebaseextensions.googleapis.com/v1beta/projects/proyecto-final-dam-85abd/instances pageSize=100&pageToken=
[debug] [2025-05-24T21:15:48.104Z] <<< [apiv2][status] GET https://firebaseextensions.googleapis.com/v1beta/projects/proyecto-final-dam-85abd/instances 200
[debug] [2025-05-24T21:15:48.104Z] <<< [apiv2][body] GET https://firebaseextensions.googleapis.com/v1beta/projects/proyecto-final-dam-85abd/instances {}
[info] i  functions: preparing functions directory for uploading... 
[info] i  functions: packaged /Users/merchito/Desktop/Quinto semestre/DAM/WheelsApp/Wheels-App/functions (72.31 KB) for uploading 
[debug] [2025-05-24T21:15:48.139Z] Checked if tokens are valid: true, expires at: 1748123251875
[debug] [2025-05-24T21:15:48.139Z] Checked if tokens are valid: true, expires at: 1748123251875
[debug] [2025-05-24T21:15:48.139Z] >>> [apiv2][query] GET https://cloudfunctions.googleapis.com/v1/projects/proyecto-final-dam-85abd/locations/-/functions [none]
[debug] [2025-05-24T21:15:49.183Z] <<< [apiv2][status] GET https://cloudfunctions.googleapis.com/v1/projects/proyecto-final-dam-85abd/locations/-/functions 200
[debug] [2025-05-24T21:15:49.183Z] <<< [apiv2][body] GET https://cloudfunctions.googleapis.com/v1/projects/proyecto-final-dam-85abd/locations/-/functions {}
[debug] [2025-05-24T21:15:49.184Z] Checked if tokens are valid: true, expires at: 1748123251875
[debug] [2025-05-24T21:15:49.184Z] Checked if tokens are valid: true, expires at: 1748123251875
[debug] [2025-05-24T21:15:49.184Z] >>> [apiv2][query] GET https://cloudfunctions.googleapis.com/v2/projects/proyecto-final-dam-85abd/locations/-/functions filter=environment%3D%22GEN_2%22
[debug] [2025-05-24T21:15:49.673Z] <<< [apiv2][status] GET https://cloudfunctions.googleapis.com/v2/projects/proyecto-final-dam-85abd/locations/-/functions 200
[debug] [2025-05-24T21:15:49.673Z] <<< [apiv2][body] GET https://cloudfunctions.googleapis.com/v2/projects/proyecto-final-dam-85abd/locations/-/functions {}
[debug] [2025-05-24T21:15:49.675Z] Checked if tokens are valid: true, expires at: 1748123251875
[debug] [2025-05-24T21:15:49.675Z] Checked if tokens are valid: true, expires at: 1748123251875
[debug] [2025-05-24T21:15:49.675Z] >>> [apiv2][query] GET https://firestore.googleapis.com/v1/projects/proyecto-final-dam-85abd/databases/(default) [none]
[debug] [2025-05-24T21:15:50.327Z] <<< [apiv2][status] GET https://firestore.googleapis.com/v1/projects/proyecto-final-dam-85abd/databases/(default) 200
[debug] [2025-05-24T21:15:50.328Z] <<< [apiv2][body] GET https://firestore.googleapis.com/v1/projects/proyecto-final-dam-85abd/databases/(default) {"name":"projects/proyecto-final-dam-85abd/databases/(default)","uid":"ee8e2272-5871-4706-86d8-5714cfd920e7","createTime":"2025-04-29T16:38:22.229001Z","updateTime":"2025-04-29T16:38:22.229001Z","locationId":"nam5","type":"FIRESTORE_NATIVE","concurrencyMode":"PESSIMISTIC","versionRetentionPeriod":"3600s","earliestVersionTime":"2025-05-24T20:15:50.425313Z","appEngineIntegrationMode":"DISABLED","keyPrefix":"s","pointInTimeRecoveryEnablement":"POINT_IN_TIME_RECOVERY_DISABLED","deleteProtectionState":"DELETE_PROTECTION_DISABLED","databaseEdition":"STANDARD","freeTier":true,"etag":"IMmR98CDvY0DMIjy+u/SjI0D"}
[info] i  functions: ensuring required API run.googleapis.com is enabled... 
[debug] [2025-05-24T21:15:50.330Z] Checked if tokens are valid: true, expires at: 1748123251875
[debug] [2025-05-24T21:15:50.330Z] Checked if tokens are valid: true, expires at: 1748123251875
[info] i  functions: ensuring required API eventarc.googleapis.com is enabled... 
[debug] [2025-05-24T21:15:50.330Z] Checked if tokens are valid: true, expires at: 1748123251875
[debug] [2025-05-24T21:15:50.330Z] Checked if tokens are valid: true, expires at: 1748123251875
[info] i  functions: ensuring required API pubsub.googleapis.com is enabled... 
[debug] [2025-05-24T21:15:50.330Z] Checked if tokens are valid: true, expires at: 1748123251875
[debug] [2025-05-24T21:15:50.330Z] Checked if tokens are valid: true, expires at: 1748123251875
[info] i  functions: ensuring required API storage.googleapis.com is enabled... 
[debug] [2025-05-24T21:15:50.331Z] Checked if tokens are valid: true, expires at: 1748123251875
[debug] [2025-05-24T21:15:50.331Z] Checked if tokens are valid: true, expires at: 1748123251875
[debug] [2025-05-24T21:15:50.331Z] >>> [apiv2][query] GET https://serviceusage.googleapis.com/v1/projects/582895250432/services/run.googleapis.com [none]
[debug] [2025-05-24T21:15:50.331Z] >>> [apiv2][(partial)header] GET https://serviceusage.googleapis.com/v1/projects/582895250432/services/run.googleapis.com x-goog-quota-user=projects/582895250432
[debug] [2025-05-24T21:15:50.331Z] >>> [apiv2][query] GET https://serviceusage.googleapis.com/v1/projects/582895250432/services/eventarc.googleapis.com [none]
[debug] [2025-05-24T21:15:50.331Z] >>> [apiv2][(partial)header] GET https://serviceusage.googleapis.com/v1/projects/582895250432/services/eventarc.googleapis.com x-goog-quota-user=projects/582895250432
[debug] [2025-05-24T21:15:50.332Z] >>> [apiv2][query] GET https://serviceusage.googleapis.com/v1/projects/582895250432/services/pubsub.googleapis.com [none]
[debug] [2025-05-24T21:15:50.332Z] >>> [apiv2][(partial)header] GET https://serviceusage.googleapis.com/v1/projects/582895250432/services/pubsub.googleapis.com x-goog-quota-user=projects/582895250432
[debug] [2025-05-24T21:15:50.333Z] >>> [apiv2][query] GET https://serviceusage.googleapis.com/v1/projects/582895250432/services/storage.googleapis.com [none]
[debug] [2025-05-24T21:15:50.333Z] >>> [apiv2][(partial)header] GET https://serviceusage.googleapis.com/v1/projects/582895250432/services/storage.googleapis.com x-goog-quota-user=projects/582895250432
[debug] [2025-05-24T21:15:50.863Z] <<< [apiv2][status] GET https://serviceusage.googleapis.com/v1/projects/582895250432/services/run.googleapis.com 200
[debug] [2025-05-24T21:15:50.863Z] <<< [apiv2][body] GET https://serviceusage.googleapis.com/v1/projects/582895250432/services/run.googleapis.com [omitted]
[warn] ⚠  functions: missing required API run.googleapis.com. Enabling now... 
[debug] [2025-05-24T21:15:50.864Z] Checked if tokens are valid: true, expires at: 1748123251875
[debug] [2025-05-24T21:15:50.864Z] Checked if tokens are valid: true, expires at: 1748123251875
[debug] [2025-05-24T21:15:50.864Z] >>> [apiv2][query] POST https://serviceusage.googleapis.com/v1/projects/582895250432/services/run.googleapis.com:enable [none]
[debug] [2025-05-24T21:15:50.864Z] >>> [apiv2][(partial)header] POST https://serviceusage.googleapis.com/v1/projects/582895250432/services/run.googleapis.com:enable x-goog-quota-user=projects/582895250432
[debug] [2025-05-24T21:15:50.903Z] <<< [apiv2][status] GET https://serviceusage.googleapis.com/v1/projects/582895250432/services/eventarc.googleapis.com 200
[debug] [2025-05-24T21:15:50.903Z] <<< [apiv2][body] GET https://serviceusage.googleapis.com/v1/projects/582895250432/services/eventarc.googleapis.com [omitted]
[warn] ⚠  functions: missing required API eventarc.googleapis.com. Enabling now... 
[debug] [2025-05-24T21:15:50.903Z] Checked if tokens are valid: true, expires at: 1748123251875
[debug] [2025-05-24T21:15:50.903Z] Checked if tokens are valid: true, expires at: 1748123251875
[debug] [2025-05-24T21:15:50.903Z] >>> [apiv2][query] POST https://serviceusage.googleapis.com/v1/projects/582895250432/services/eventarc.googleapis.com:enable [none]
[debug] [2025-05-24T21:15:50.903Z] >>> [apiv2][(partial)header] POST https://serviceusage.googleapis.com/v1/projects/582895250432/services/eventarc.googleapis.com:enable x-goog-quota-user=projects/582895250432
[debug] [2025-05-24T21:15:50.975Z] <<< [apiv2][status] GET https://serviceusage.googleapis.com/v1/projects/582895250432/services/pubsub.googleapis.com 200
[debug] [2025-05-24T21:15:50.975Z] <<< [apiv2][body] GET https://serviceusage.googleapis.com/v1/projects/582895250432/services/pubsub.googleapis.com [omitted]
[info] ✔  functions: required API pubsub.googleapis.com is enabled 
[debug] [2025-05-24T21:15:50.985Z] <<< [apiv2][status] GET https://serviceusage.googleapis.com/v1/projects/582895250432/services/storage.googleapis.com 200
[debug] [2025-05-24T21:15:50.985Z] <<< [apiv2][body] GET https://serviceusage.googleapis.com/v1/projects/582895250432/services/storage.googleapis.com [omitted]
[info] ✔  functions: required API storage.googleapis.com is enabled 
[debug] [2025-05-24T21:15:51.443Z] <<< [apiv2][status] POST https://serviceusage.googleapis.com/v1/projects/582895250432/services/run.googleapis.com:enable 200
[debug] [2025-05-24T21:15:51.443Z] <<< [apiv2][body] POST https://serviceusage.googleapis.com/v1/projects/582895250432/services/run.googleapis.com:enable [omitted]
[debug] [2025-05-24T21:15:51.521Z] <<< [apiv2][status] POST https://serviceusage.googleapis.com/v1/projects/582895250432/services/eventarc.googleapis.com:enable 200
[debug] [2025-05-24T21:15:51.521Z] <<< [apiv2][body] POST https://serviceusage.googleapis.com/v1/projects/582895250432/services/eventarc.googleapis.com:enable [omitted]
[debug] [2025-05-24T21:16:01.445Z] Checked if tokens are valid: true, expires at: 1748123251875
[debug] [2025-05-24T21:16:01.445Z] Checked if tokens are valid: true, expires at: 1748123251875
[debug] [2025-05-24T21:16:01.445Z] >>> [apiv2][query] GET https://serviceusage.googleapis.com/v1/projects/582895250432/services/run.googleapis.com [none]
[debug] [2025-05-24T21:16:01.445Z] >>> [apiv2][(partial)header] GET https://serviceusage.googleapis.com/v1/projects/582895250432/services/run.googleapis.com x-goog-quota-user=projects/582895250432
[debug] [2025-05-24T21:16:01.522Z] Checked if tokens are valid: true, expires at: 1748123251875
[debug] [2025-05-24T21:16:01.523Z] Checked if tokens are valid: true, expires at: 1748123251875
[debug] [2025-05-24T21:16:01.523Z] >>> [apiv2][query] GET https://serviceusage.googleapis.com/v1/projects/582895250432/services/eventarc.googleapis.com [none]
[debug] [2025-05-24T21:16:01.523Z] >>> [apiv2][(partial)header] GET https://serviceusage.googleapis.com/v1/projects/582895250432/services/eventarc.googleapis.com x-goog-quota-user=projects/582895250432
[debug] [2025-05-24T21:16:02.149Z] <<< [apiv2][status] GET https://serviceusage.googleapis.com/v1/projects/582895250432/services/eventarc.googleapis.com 200
[debug] [2025-05-24T21:16:02.149Z] <<< [apiv2][body] GET https://serviceusage.googleapis.com/v1/projects/582895250432/services/eventarc.googleapis.com [omitted]
[info] ✔  functions: required API eventarc.googleapis.com is enabled 
[debug] [2025-05-24T21:16:02.157Z] <<< [apiv2][status] GET https://serviceusage.googleapis.com/v1/projects/582895250432/services/run.googleapis.com 200
[debug] [2025-05-24T21:16:02.158Z] <<< [apiv2][body] GET https://serviceusage.googleapis.com/v1/projects/582895250432/services/run.googleapis.com [omitted]
[info] ✔  functions: required API run.googleapis.com is enabled 
[info] i  functions: generating the service identity for pubsub.googleapis.com... 
[debug] [2025-05-24T21:16:02.160Z] Checked if tokens are valid: true, expires at: 1748123251875
[debug] [2025-05-24T21:16:02.160Z] Checked if tokens are valid: true, expires at: 1748123251875
[info] i  functions: generating the service identity for eventarc.googleapis.com... 
[debug] [2025-05-24T21:16:02.160Z] Checked if tokens are valid: true, expires at: 1748123251875
[debug] [2025-05-24T21:16:02.160Z] Checked if tokens are valid: true, expires at: 1748123251875
[debug] [2025-05-24T21:16:02.161Z] >>> [apiv2][query] POST https://serviceusage.googleapis.com/v1beta1/projects/582895250432/services/pubsub.googleapis.com:generateServiceIdentity [none]
[debug] [2025-05-24T21:16:02.161Z] >>> [apiv2][query] POST https://serviceusage.googleapis.com/v1beta1/projects/582895250432/services/eventarc.googleapis.com:generateServiceIdentity [none]
[debug] [2025-05-24T21:16:02.784Z] <<< [apiv2][status] POST https://serviceusage.googleapis.com/v1beta1/projects/582895250432/services/pubsub.googleapis.com:generateServiceIdentity 200
[debug] [2025-05-24T21:16:02.784Z] <<< [apiv2][body] POST https://serviceusage.googleapis.com/v1beta1/projects/582895250432/services/pubsub.googleapis.com:generateServiceIdentity {"name":"operations/finished.DONE_OPERATION","done":true,"response":{"@type":"type.googleapis.com/google.api.serviceusage.v1beta1.ServiceIdentity","email":"service-582895250432@gcp-sa-pubsub.iam.gserviceaccount.com","uniqueId":"107263451869110677158"}}
[debug] [2025-05-24T21:16:02.850Z] <<< [apiv2][status] POST https://serviceusage.googleapis.com/v1beta1/projects/582895250432/services/eventarc.googleapis.com:generateServiceIdentity 200
[debug] [2025-05-24T21:16:02.851Z] <<< [apiv2][body] POST https://serviceusage.googleapis.com/v1beta1/projects/582895250432/services/eventarc.googleapis.com:generateServiceIdentity {"name":"operations/finished.DONE_OPERATION","done":true,"response":{"@type":"type.googleapis.com/google.api.serviceusage.v1beta1.ServiceIdentity","email":"service-582895250432@gcp-sa-eventarc.iam.gserviceaccount.com","uniqueId":"112913362007210518360"}}
[debug] [2025-05-24T21:16:02.853Z] Checked if tokens are valid: true, expires at: 1748123251875
[debug] [2025-05-24T21:16:02.853Z] Checked if tokens are valid: true, expires at: 1748123251875
[debug] [2025-05-24T21:16:02.853Z] >>> [apiv2][query] GET https://compute.googleapis.com/compute/v1/projects/582895250432 [none]
[debug] [2025-05-24T21:16:03.183Z] <<< [apiv2][status] GET https://compute.googleapis.com/compute/v1/projects/582895250432 403
[debug] [2025-05-24T21:16:03.183Z] <<< [apiv2][body] GET https://compute.googleapis.com/compute/v1/projects/582895250432 {"error":{"code":403,"message":"Compute Engine API has not been used in project 582895250432 before or it is disabled. Enable it by visiting https://console.developers.google.com/apis/api/compute.googleapis.com/overview?project=582895250432 then retry. If you enabled this API recently, wait a few minutes for the action to propagate to our systems and retry.","errors":[{"message":"Compute Engine API has not been used in project 582895250432 before or it is disabled. Enable it by visiting https://console.developers.google.com/apis/api/compute.googleapis.com/overview?project=582895250432 then retry. If you enabled this API recently, wait a few minutes for the action to propagate to our systems and retry.","domain":"usageLimits","reason":"accessNotConfigured","extendedHelp":"https://console.developers.google.com"}],"status":"PERMISSION_DENIED","details":[{"@type":"type.googleapis.com/google.rpc.ErrorInfo","reason":"SERVICE_DISABLED","domain":"googleapis.com","metadata":{"service":"compute.googleapis.com","serviceTitle":"Compute Engine API","consumer":"projects/582895250432","containerInfo":"582895250432","activationUrl":"https://console.developers.google.com/apis/api/compute.googleapis.com/overview?project=582895250432"}},{"@type":"type.googleapis.com/google.rpc.LocalizedMessage","locale":"en-US","message":"Compute Engine API has not been used in project 582895250432 before or it is disabled. Enable it by visiting https://console.developers.google.com/apis/api/compute.googleapis.com/overview?project=582895250432 then retry. If you enabled this API recently, wait a few minutes for the action to propagate to our systems and retry."},{"@type":"type.googleapis.com/google.rpc.Help","links":[{"description":"Google developers console API activation","url":"https://console.developers.google.com/apis/api/compute.googleapis.com/overview?project=582895250432"}]}]}}
[debug] [2025-05-24T21:16:03.183Z] unable to look up default compute service account. Falling back to 582895250432-compute@developer.gserviceaccount.com. Error: {"name":"FirebaseError","children":[],"context":{"body":{"error":{"code":403,"message":"Compute Engine API has not been used in project 582895250432 before or it is disabled. Enable it by visiting https://console.developers.google.com/apis/api/compute.googleapis.com/overview?project=582895250432 then retry. If you enabled this API recently, wait a few minutes for the action to propagate to our systems and retry.","errors":[{"message":"Compute Engine API has not been used in project 582895250432 before or it is disabled. Enable it by visiting https://console.developers.google.com/apis/api/compute.googleapis.com/overview?project=582895250432 then retry. If you enabled this API recently, wait a few minutes for the action to propagate to our systems and retry.","domain":"usageLimits","reason":"accessNotConfigured","extendedHelp":"https://console.developers.google.com"}],"status":"PERMISSION_DENIED","details":[{"@type":"type.googleapis.com/google.rpc.ErrorInfo","reason":"SERVICE_DISABLED","domain":"googleapis.com","metadata":{"service":"compute.googleapis.com","serviceTitle":"Compute Engine API","consumer":"projects/582895250432","containerInfo":"582895250432","activationUrl":"https://console.developers.google.com/apis/api/compute.googleapis.com/overview?project=582895250432"}},{"@type":"type.googleapis.com/google.rpc.LocalizedMessage","locale":"en-US","message":"Compute Engine API has not been used in project 582895250432 before or it is disabled. Enable it by visiting https://console.developers.google.com/apis/api/compute.googleapis.com/overview?project=582895250432 then retry. If you enabled this API recently, wait a few minutes for the action to propagate to our systems and retry."},{"@type":"type.googleapis.com/google.rpc.Help","links":[{"description":"Google developers console API activation","url":"https://console.developers.google.com/apis/api/compute.googleapis.com/overview?project=582895250432"}]}]}},"response":{"statusCode":403}},"exit":1,"message":"Request to https://compute.googleapis.com/compute/v1/projects/582895250432 had HTTP Error: 403, Compute Engine API has not been used in project 582895250432 before or it is disabled. Enable it by visiting https://console.developers.google.com/apis/api/compute.googleapis.com/overview?project=582895250432 then retry. If you enabled this API recently, wait a few minutes for the action to propagate to our systems and retry.","status":403}
[debug] [2025-05-24T21:16:03.184Z] Checked if tokens are valid: true, expires at: 1748123251875
[debug] [2025-05-24T21:16:03.184Z] Checked if tokens are valid: true, expires at: 1748123251875
[debug] [2025-05-24T21:16:03.184Z] >>> [apiv2][query] POST https://cloudresourcemanager.googleapis.com/v1/projects/582895250432:getIamPolicy [none]
[debug] [2025-05-24T21:16:03.732Z] <<< [apiv2][status] POST https://cloudresourcemanager.googleapis.com/v1/projects/582895250432:getIamPolicy 200
[debug] [2025-05-24T21:16:03.732Z] <<< [apiv2][body] POST https://cloudresourcemanager.googleapis.com/v1/projects/582895250432:getIamPolicy {"version":1,"etag":"BwY16DhU7Xs=","bindings":[{"role":"roles/cloudbuild.builds.builder","members":["serviceAccount:582895250432@cloudbuild.gserviceaccount.com"]},{"role":"roles/cloudbuild.serviceAgent","members":["serviceAccount:service-582895250432@gcp-sa-cloudbuild.iam.gserviceaccount.com"]},{"role":"roles/cloudfunctions.admin","members":["serviceAccount:firebase-adminsdk-fbsvc@proyecto-final-dam-85abd.iam.gserviceaccount.com"]},{"role":"roles/cloudfunctions.serviceAgent","members":["serviceAccount:service-582895250432@gcf-admin-robot.iam.gserviceaccount.com"]},{"role":"roles/containerregistry.ServiceAgent","members":["serviceAccount:service-582895250432@containerregistry.iam.gserviceaccount.com"]},{"role":"roles/editor","members":["serviceAccount:582895250432-compute@developer.gserviceaccount.com","serviceAccount:582895250432@cloudservices.gserviceaccount.com","serviceAccount:proyecto-final-dam-85abd@appspot.gserviceaccount.com"]},{"role":"roles/firebase.managementServiceAgent","members":["serviceAccount:service-582895250432@gcp-sa-firebase.iam.gserviceaccount.com"]},{"role":"roles/firebase.sdkAdminServiceAgent","members":["serviceAccount:firebase-adminsdk-fbsvc@proyecto-final-dam-85abd.iam.gserviceaccount.com"]},{"role":"roles/firebaseauth.admin","members":["serviceAccount:firebase-adminsdk-fbsvc@proyecto-final-dam-85abd.iam.gserviceaccount.com"]},{"role":"roles/firebasemods.serviceAgent","members":["serviceAccount:service-582895250432@gcp-sa-firebasemods.iam.gserviceaccount.com"]},{"role":"roles/firebaserules.system","members":["serviceAccount:service-582895250432@firebase-rules.iam.gserviceaccount.com"]},{"role":"roles/firebasestorage.serviceAgent","members":["serviceAccount:service-582895250432@gcp-sa-firebasestorage.iam.gserviceaccount.com"]},{"role":"roles/firestore.serviceAgent","members":["serviceAccount:service-582895250432@gcp-sa-firestore.iam.gserviceaccount.com"]},{"role":"roles/iam.serviceAccountTokenCreator","members":["serviceAccount:firebase-adminsdk-fbsvc@proyecto-final-dam-85abd.iam.gserviceaccount.com"]},{"role":"roles/owner","members":["user:bmerchansandoval@gmail.com","user:ritatrindadedacruz@gmail.com"]},{"role":"roles/run.serviceAgent","members":["serviceAccount:service-582895250432@serverless-robot-prod.iam.gserviceaccount.com"]},{"role":"roles/storage.admin","members":["serviceAccount:firebase-adminsdk-fbsvc@proyecto-final-dam-85abd.iam.gserviceaccount.com"]}]}
[debug] [2025-05-24T21:16:03.733Z] Checked if tokens are valid: true, expires at: 1748123251875
[debug] [2025-05-24T21:16:03.733Z] Checked if tokens are valid: true, expires at: 1748123251875
[debug] [2025-05-24T21:16:03.733Z] >>> [apiv2][query] POST https://cloudresourcemanager.googleapis.com/v1/projects/582895250432:setIamPolicy [none]
[debug] [2025-05-24T21:16:03.733Z] >>> [apiv2][body] POST https://cloudresourcemanager.googleapis.com/v1/projects/582895250432:setIamPolicy {"policy":{"version":1,"etag":"BwY16DhU7Xs=","bindings":[{"role":"roles/cloudbuild.builds.builder","members":["serviceAccount:582895250432@cloudbuild.gserviceaccount.com"]},{"role":"roles/cloudbuild.serviceAgent","members":["serviceAccount:service-582895250432@gcp-sa-cloudbuild.iam.gserviceaccount.com"]},{"role":"roles/cloudfunctions.admin","members":["serviceAccount:firebase-adminsdk-fbsvc@proyecto-final-dam-85abd.iam.gserviceaccount.com"]},{"role":"roles/cloudfunctions.serviceAgent","members":["serviceAccount:service-582895250432@gcf-admin-robot.iam.gserviceaccount.com"]},{"role":"roles/containerregistry.ServiceAgent","members":["serviceAccount:service-582895250432@containerregistry.iam.gserviceaccount.com"]},{"role":"roles/editor","members":["serviceAccount:582895250432-compute@developer.gserviceaccount.com","serviceAccount:582895250432@cloudservices.gserviceaccount.com","serviceAccount:proyecto-final-dam-85abd@appspot.gserviceaccount.com"]},{"role":"roles/firebase.managementServiceAgent","members":["serviceAccount:service-582895250432@gcp-sa-firebase.iam.gserviceaccount.com"]},{"role":"roles/firebase.sdkAdminServiceAgent","members":["serviceAccount:firebase-adminsdk-fbsvc@proyecto-final-dam-85abd.iam.gserviceaccount.com"]},{"role":"roles/firebaseauth.admin","members":["serviceAccount:firebase-adminsdk-fbsvc@proyecto-final-dam-85abd.iam.gserviceaccount.com"]},{"role":"roles/firebasemods.serviceAgent","members":["serviceAccount:service-582895250432@gcp-sa-firebasemods.iam.gserviceaccount.com"]},{"role":"roles/firebaserules.system","members":["serviceAccount:service-582895250432@firebase-rules.iam.gserviceaccount.com"]},{"role":"roles/firebasestorage.serviceAgent","members":["serviceAccount:service-582895250432@gcp-sa-firebasestorage.iam.gserviceaccount.com"]},{"role":"roles/firestore.serviceAgent","members":["serviceAccount:service-582895250432@gcp-sa-firestore.iam.gserviceaccount.com"]},{"role":"roles/iam.serviceAccountTokenCreator","members":["serviceAccount:firebase-adminsdk-fbsvc@proyecto-final-dam-85abd.iam.gserviceaccount.com","serviceAccount:service-582895250432@gcp-sa-pubsub.iam.gserviceaccount.com"]},{"role":"roles/owner","members":["user:bmerchansandoval@gmail.com","user:ritatrindadedacruz@gmail.com"]},{"role":"roles/run.serviceAgent","members":["serviceAccount:service-582895250432@serverless-robot-prod.iam.gserviceaccount.com"]},{"role":"roles/storage.admin","members":["serviceAccount:firebase-adminsdk-fbsvc@proyecto-final-dam-85abd.iam.gserviceaccount.com"]},{"role":"roles/run.invoker","members":["serviceAccount:582895250432-compute@developer.gserviceaccount.com"]},{"role":"roles/eventarc.eventReceiver","members":["serviceAccount:582895250432-compute@developer.gserviceaccount.com"]}]},"updateMask":"bindings"}
[debug] [2025-05-24T21:16:04.622Z] <<< [apiv2][status] POST https://cloudresourcemanager.googleapis.com/v1/projects/582895250432:setIamPolicy 200
[debug] [2025-05-24T21:16:04.622Z] <<< [apiv2][body] POST https://cloudresourcemanager.googleapis.com/v1/projects/582895250432:setIamPolicy {"version":1,"etag":"BwY16Dj3i/g=","bindings":[{"role":"roles/cloudbuild.builds.builder","members":["serviceAccount:582895250432@cloudbuild.gserviceaccount.com"]},{"role":"roles/cloudbuild.serviceAgent","members":["serviceAccount:service-582895250432@gcp-sa-cloudbuild.iam.gserviceaccount.com"]},{"role":"roles/cloudfunctions.admin","members":["serviceAccount:firebase-adminsdk-fbsvc@proyecto-final-dam-85abd.iam.gserviceaccount.com"]},{"role":"roles/cloudfunctions.serviceAgent","members":["serviceAccount:service-582895250432@gcf-admin-robot.iam.gserviceaccount.com"]},{"role":"roles/containerregistry.ServiceAgent","members":["serviceAccount:service-582895250432@containerregistry.iam.gserviceaccount.com"]},{"role":"roles/editor","members":["serviceAccount:582895250432-compute@developer.gserviceaccount.com","serviceAccount:582895250432@cloudservices.gserviceaccount.com","serviceAccount:proyecto-final-dam-85abd@appspot.gserviceaccount.com"]},{"role":"roles/eventarc.eventReceiver","members":["serviceAccount:582895250432-compute@developer.gserviceaccount.com"]},{"role":"roles/firebase.managementServiceAgent","members":["serviceAccount:service-582895250432@gcp-sa-firebase.iam.gserviceaccount.com"]},{"role":"roles/firebase.sdkAdminServiceAgent","members":["serviceAccount:firebase-adminsdk-fbsvc@proyecto-final-dam-85abd.iam.gserviceaccount.com"]},{"role":"roles/firebaseauth.admin","members":["serviceAccount:firebase-adminsdk-fbsvc@proyecto-final-dam-85abd.iam.gserviceaccount.com"]},{"role":"roles/firebasemods.serviceAgent","members":["serviceAccount:service-582895250432@gcp-sa-firebasemods.iam.gserviceaccount.com"]},{"role":"roles/firebaserules.system","members":["serviceAccount:service-582895250432@firebase-rules.iam.gserviceaccount.com"]},{"role":"roles/firebasestorage.serviceAgent","members":["serviceAccount:service-582895250432@gcp-sa-firebasestorage.iam.gserviceaccount.com"]},{"role":"roles/firestore.serviceAgent","members":["serviceAccount:service-582895250432@gcp-sa-firestore.iam.gserviceaccount.com"]},{"role":"roles/iam.serviceAccountTokenCreator","members":["serviceAccount:firebase-adminsdk-fbsvc@proyecto-final-dam-85abd.iam.gserviceaccount.com","serviceAccount:service-582895250432@gcp-sa-pubsub.iam.gserviceaccount.com"]},{"role":"roles/owner","members":["user:bmerchansandoval@gmail.com","user:ritatrindadedacruz@gmail.com"]},{"role":"roles/run.invoker","members":["serviceAccount:582895250432-compute@developer.gserviceaccount.com"]},{"role":"roles/run.serviceAgent","members":["serviceAccount:service-582895250432@serverless-robot-prod.iam.gserviceaccount.com"]},{"role":"roles/storage.admin","members":["serviceAccount:firebase-adminsdk-fbsvc@proyecto-final-dam-85abd.iam.gserviceaccount.com"]}]}
[debug] [2025-05-24T21:16:04.623Z] Checked if tokens are valid: true, expires at: 1748123251875
[debug] [2025-05-24T21:16:04.623Z] Checked if tokens are valid: true, expires at: 1748123251875
[debug] [2025-05-24T21:16:04.623Z] >>> [apiv2][query] GET https://serviceusage.googleapis.com/v1/projects/proyecto-final-dam-85abd/services/cloudresourcemanager.googleapis.com [none]
[debug] [2025-05-24T21:16:04.623Z] >>> [apiv2][(partial)header] GET https://serviceusage.googleapis.com/v1/projects/proyecto-final-dam-85abd/services/cloudresourcemanager.googleapis.com x-goog-quota-user=projects/proyecto-final-dam-85abd
[debug] [2025-05-24T21:16:05.158Z] <<< [apiv2][status] GET https://serviceusage.googleapis.com/v1/projects/proyecto-final-dam-85abd/services/cloudresourcemanager.googleapis.com 200
[debug] [2025-05-24T21:16:05.159Z] <<< [apiv2][body] GET https://serviceusage.googleapis.com/v1/projects/proyecto-final-dam-85abd/services/cloudresourcemanager.googleapis.com [omitted]
[debug] [2025-05-24T21:16:05.159Z] Checked if tokens are valid: true, expires at: 1748123251875
[debug] [2025-05-24T21:16:05.159Z] Checked if tokens are valid: true, expires at: 1748123251875
[debug] [2025-05-24T21:16:05.159Z] >>> [apiv2][query] GET https://cloudresourcemanager.googleapis.com/v1/projects/proyecto-final-dam-85abd [none]
[debug] [2025-05-24T21:16:05.304Z] <<< [apiv2][status] GET https://cloudresourcemanager.googleapis.com/v1/projects/proyecto-final-dam-85abd 200
[debug] [2025-05-24T21:16:05.304Z] <<< [apiv2][body] GET https://cloudresourcemanager.googleapis.com/v1/projects/proyecto-final-dam-85abd {"projectNumber":"582895250432","projectId":"proyecto-final-dam-85abd","lifecycleState":"ACTIVE","name":"Proyecto Final DAM","labels":{"firebase":"enabled","firebase-core":"disabled"},"createTime":"2025-04-29T16:30:58.843928Z"}
[debug] [2025-05-24T21:16:05.304Z] Checked if tokens are valid: true, expires at: 1748123251875
[debug] [2025-05-24T21:16:05.305Z] Checked if tokens are valid: true, expires at: 1748123251875
[debug] [2025-05-24T21:16:05.305Z] >>> [apiv2][query] GET https://compute.googleapis.com/compute/v1/projects/582895250432 [none]
[debug] [2025-05-24T21:16:05.414Z] <<< [apiv2][status] GET https://compute.googleapis.com/compute/v1/projects/582895250432 403
[debug] [2025-05-24T21:16:05.415Z] <<< [apiv2][body] GET https://compute.googleapis.com/compute/v1/projects/582895250432 {"error":{"code":403,"message":"Compute Engine API has not been used in project 582895250432 before or it is disabled. Enable it by visiting https://console.developers.google.com/apis/api/compute.googleapis.com/overview?project=582895250432 then retry. If you enabled this API recently, wait a few minutes for the action to propagate to our systems and retry.","errors":[{"message":"Compute Engine API has not been used in project 582895250432 before or it is disabled. Enable it by visiting https://console.developers.google.com/apis/api/compute.googleapis.com/overview?project=582895250432 then retry. If you enabled this API recently, wait a few minutes for the action to propagate to our systems and retry.","domain":"usageLimits","reason":"accessNotConfigured","extendedHelp":"https://console.developers.google.com"}],"status":"PERMISSION_DENIED","details":[{"@type":"type.googleapis.com/google.rpc.ErrorInfo","reason":"SERVICE_DISABLED","domain":"googleapis.com","metadata":{"consumer":"projects/582895250432","containerInfo":"582895250432","serviceTitle":"Compute Engine API","activationUrl":"https://console.developers.google.com/apis/api/compute.googleapis.com/overview?project=582895250432","service":"compute.googleapis.com"}},{"@type":"type.googleapis.com/google.rpc.LocalizedMessage","locale":"en-US","message":"Compute Engine API has not been used in project 582895250432 before or it is disabled. Enable it by visiting https://console.developers.google.com/apis/api/compute.googleapis.com/overview?project=582895250432 then retry. If you enabled this API recently, wait a few minutes for the action to propagate to our systems and retry."},{"@type":"type.googleapis.com/google.rpc.Help","links":[{"description":"Google developers console API activation","url":"https://console.developers.google.com/apis/api/compute.googleapis.com/overview?project=582895250432"}]}]}}
[debug] [2025-05-24T21:16:05.415Z] unable to look up default compute service account. Falling back to 582895250432-compute@developer.gserviceaccount.com. Error: {"name":"FirebaseError","children":[],"context":{"body":{"error":{"code":403,"message":"Compute Engine API has not been used in project 582895250432 before or it is disabled. Enable it by visiting https://console.developers.google.com/apis/api/compute.googleapis.com/overview?project=582895250432 then retry. If you enabled this API recently, wait a few minutes for the action to propagate to our systems and retry.","errors":[{"message":"Compute Engine API has not been used in project 582895250432 before or it is disabled. Enable it by visiting https://console.developers.google.com/apis/api/compute.googleapis.com/overview?project=582895250432 then retry. If you enabled this API recently, wait a few minutes for the action to propagate to our systems and retry.","domain":"usageLimits","reason":"accessNotConfigured","extendedHelp":"https://console.developers.google.com"}],"status":"PERMISSION_DENIED","details":[{"@type":"type.googleapis.com/google.rpc.ErrorInfo","reason":"SERVICE_DISABLED","domain":"googleapis.com","metadata":{"consumer":"projects/582895250432","containerInfo":"582895250432","serviceTitle":"Compute Engine API","activationUrl":"https://console.developers.google.com/apis/api/compute.googleapis.com/overview?project=582895250432","service":"compute.googleapis.com"}},{"@type":"type.googleapis.com/google.rpc.LocalizedMessage","locale":"en-US","message":"Compute Engine API has not been used in project 582895250432 before or it is disabled. Enable it by visiting https://console.developers.google.com/apis/api/compute.googleapis.com/overview?project=582895250432 then retry. If you enabled this API recently, wait a few minutes for the action to propagate to our systems and retry."},{"@type":"type.googleapis.com/google.rpc.Help","links":[{"description":"Google developers console API activation","url":"https://console.developers.google.com/apis/api/compute.googleapis.com/overview?project=582895250432"}]}]}},"response":{"statusCode":403}},"exit":1,"message":"Request to https://compute.googleapis.com/compute/v1/projects/582895250432 had HTTP Error: 403, Compute Engine API has not been used in project 582895250432 before or it is disabled. Enable it by visiting https://console.developers.google.com/apis/api/compute.googleapis.com/overview?project=582895250432 then retry. If you enabled this API recently, wait a few minutes for the action to propagate to our systems and retry.","status":403}
[debug] [2025-05-24T21:16:05.416Z] Checked if tokens are valid: true, expires at: 1748123251875
[debug] [2025-05-24T21:16:05.417Z] Checked if tokens are valid: true, expires at: 1748123251875
[debug] [2025-05-24T21:16:05.417Z] >>> [apiv2][query] GET https://cloudbilling.googleapis.com/v1/projects/proyecto-final-dam-85abd/billingInfo [none]
[debug] [2025-05-24T21:16:05.822Z] <<< [apiv2][status] GET https://cloudbilling.googleapis.com/v1/projects/proyecto-final-dam-85abd/billingInfo 200
[debug] [2025-05-24T21:16:05.822Z] <<< [apiv2][body] GET https://cloudbilling.googleapis.com/v1/projects/proyecto-final-dam-85abd/billingInfo {"name":"projects/proyecto-final-dam-85abd/billingInfo","projectId":"proyecto-final-dam-85abd","billingAccountName":"billingAccounts/014739-BD38E4-0A01BD","billingEnabled":true}
[debug] [2025-05-24T21:16:05.824Z] Checked if tokens are valid: true, expires at: 1748123251875
[debug] [2025-05-24T21:16:05.824Z] Checked if tokens are valid: true, expires at: 1748123251875
[debug] [2025-05-24T21:16:05.824Z] >>> [apiv2][query] POST https://cloudfunctions.googleapis.com/v2/projects/proyecto-final-dam-85abd/locations/us-central1/functions:generateUploadUrl [none]
[debug] [2025-05-24T21:16:06.891Z] <<< [apiv2][status] POST https://cloudfunctions.googleapis.com/v2/projects/proyecto-final-dam-85abd/locations/us-central1/functions:generateUploadUrl 200
[debug] [2025-05-24T21:16:06.891Z] <<< [apiv2][body] POST https://cloudfunctions.googleapis.com/v2/projects/proyecto-final-dam-85abd/locations/us-central1/functions:generateUploadUrl {"uploadUrl":"https://storage.googleapis.com/gcf-v2-uploads-582895250432.us-central1.cloudfunctions.appspot.com/753ccc66-3f7c-47da-bf8d-db2c91d1722a.zip?GoogleAccessId=service-582895250432@gcf-admin-robot.iam.gserviceaccount.com&Expires=1748123166&Signature=uxO0lVRml9USYNhoNa9ZNcsSVXlNuZ4tOJ4HfMEhfJ2EZy6%2FGbyxNvajJrB2bfnM3Qhe3YrxGiyONnun3%2BEjJbgJoRHcjG%2BwVJzTePcBMBlulqivJnb5HGAIP%2BVTnZkGc1AxeoU%2B7M9Vt8UUYHH1B%2BzOAu2UArpfI3wNAV8hH0i7PvKoeVQqSF88rYy096OWIOERsNYR530GcUKLGUnsh4tChRfKxT34jP%2FYsur6FYjsREGzFHqJdWjrdxp72MUWYVqny%2BWusjtXXdGzVExhsZr3rJ%2F5o%2BUr6DMPNbEvhMg5BfnykhdNOQgvadj5qGprS8WvJt6r7RJppn3dhdYNHg%3D%3D","storageSource":{"bucket":"gcf-v2-uploads-582895250432.us-central1.cloudfunctions.appspot.com","object":"753ccc66-3f7c-47da-bf8d-db2c91d1722a.zip"}}
[debug] [2025-05-24T21:16:06.892Z] >>> [apiv2][query] PUT https://storage.googleapis.com/gcf-v2-uploads-582895250432.us-central1.cloudfunctions.appspot.com/753ccc66-3f7c-47da-bf8d-db2c91d1722a.zip GoogleAccessId=service-582895250432%40gcf-admin-robot.iam.gserviceaccount.com&Expires=1748123166&Signature=uxO0lVRml9USYNhoNa9ZNcsSVXlNuZ4tOJ4HfMEhfJ2EZy6%2FGbyxNvajJrB2bfnM3Qhe3YrxGiyONnun3%2BEjJbgJoRHcjG%2BwVJzTePcBMBlulqivJnb5HGAIP%2BVTnZkGc1AxeoU%2B7M9Vt8UUYHH1B%2BzOAu2UArpfI3wNAV8hH0i7PvKoeVQqSF88rYy096OWIOERsNYR530GcUKLGUnsh4tChRfKxT34jP%2FYsur6FYjsREGzFHqJdWjrdxp72MUWYVqny%2BWusjtXXdGzVExhsZr3rJ%2F5o%2BUr6DMPNbEvhMg5BfnykhdNOQgvadj5qGprS8WvJt6r7RJppn3dhdYNHg%3D%3D
[debug] [2025-05-24T21:16:06.892Z] >>> [apiv2][body] PUT https://storage.googleapis.com/gcf-v2-uploads-582895250432.us-central1.cloudfunctions.appspot.com/753ccc66-3f7c-47da-bf8d-db2c91d1722a.zip [stream]
[debug] [2025-05-24T21:16:07.765Z] <<< [apiv2][status] PUT https://storage.googleapis.com/gcf-v2-uploads-582895250432.us-central1.cloudfunctions.appspot.com/753ccc66-3f7c-47da-bf8d-db2c91d1722a.zip 200
[debug] [2025-05-24T21:16:07.765Z] <<< [apiv2][body] PUT https://storage.googleapis.com/gcf-v2-uploads-582895250432.us-central1.cloudfunctions.appspot.com/753ccc66-3f7c-47da-bf8d-db2c91d1722a.zip [omitted]
[info] ✔  functions: functions folder uploaded successfully 
[info] i  functions: creating Node.js 20 (2nd Gen) function enviarNotificacionExpo(us-central1)... 
[debug] [2025-05-24T21:16:07.770Z] Checked if tokens are valid: true, expires at: 1748123251875
[debug] [2025-05-24T21:16:07.770Z] Checked if tokens are valid: true, expires at: 1748123251875
[debug] [2025-05-24T21:16:07.770Z] >>> [apiv2][query] POST https://cloudfunctions.googleapis.com/v2/projects/proyecto-final-dam-85abd/locations/us-central1/functions functionId=enviarNotificacionExpo
[debug] [2025-05-24T21:16:07.770Z] >>> [apiv2][body] POST https://cloudfunctions.googleapis.com/v2/projects/proyecto-final-dam-85abd/locations/us-central1/functions {"name":"projects/proyecto-final-dam-85abd/locations/us-central1/functions/enviarNotificacionExpo","buildConfig":{"runtime":"nodejs20","entryPoint":"enviarNotificacionExpo","source":{"storageSource":{"bucket":"gcf-v2-uploads-582895250432.us-central1.cloudfunctions.appspot.com","object":"753ccc66-3f7c-47da-bf8d-db2c91d1722a.zip"}},"environmentVariables":{"GOOGLE_NODE_RUN_SCRIPTS":""}},"serviceConfig":{"environmentVariables":{"FIREBASE_CONFIG":"{\"projectId\":\"proyecto-final-dam-85abd\",\"storageBucket\":\"proyecto-final-dam-85abd.firebasestorage.app\"}","GCLOUD_PROJECT":"proyecto-final-dam-85abd","EVENTARC_CLOUD_EVENT_SOURCE":"projects/proyecto-final-dam-85abd/locations/us-central1/services/enviarNotificacionExpo","FUNCTION_SIGNATURE_TYPE":"cloudevent","FUNCTION_TARGET":"enviarNotificacionExpo","LOG_EXECUTION_ID":"true"},"ingressSettings":null,"timeoutSeconds":null,"serviceAccountEmail":null,"availableMemory":"256Mi","minInstanceCount":null,"maxInstanceCount":null,"maxInstanceRequestConcurrency":80,"availableCpu":"1","vpcConnector":null,"vpcConnectorEgressSettings":null},"labels":{"deployment-tool":"cli-firebase","firebase-functions-hash":"9aa95298e8a3f919b39adb6b3f3a6088b13edc9c"},"eventTrigger":{"eventType":"google.cloud.firestore.document.v1.created","retryPolicy":"RETRY_POLICY_DO_NOT_RETRY","eventFilters":[{"attribute":"database","value":"(default)"},{"attribute":"namespace","value":"(default)"},{"attribute":"document","value":"viajes/{viajeId}/sugerencias/{sugerenciaId}","operator":"match-path-pattern"}],"triggerRegion":"nam5"}}
[debug] [2025-05-24T21:16:24.086Z] <<< [apiv2][status] POST https://cloudfunctions.googleapis.com/v2/projects/proyecto-final-dam-85abd/locations/us-central1/functions 400
[debug] [2025-05-24T21:16:24.087Z] <<< [apiv2][body] POST https://cloudfunctions.googleapis.com/v2/projects/proyecto-final-dam-85abd/locations/us-central1/functions {"error":{"code":400,"message":"Validation failed for trigger projects/proyecto-final-dam-85abd/locations/nam5/triggers/enviarnotificacionexpo-634557: Invalid resource state for \"\": Permission denied while using the Eventarc Service Agent. If you recently started to use Eventarc, it may take a few minutes before all necessary permissions are propagated to the Service Agent. Otherwise, verify that it has Eventarc Service Agent role.","status":"FAILED_PRECONDITION"}}
[warn] ⚠  functions: Request to https://cloudfunctions.googleapis.com/v2/projects/proyecto-final-dam-85abd/locations/us-central1/functions?functionId=enviarNotificacionExpo had HTTP Error: 400, Validation failed for trigger projects/proyecto-final-dam-85abd/locations/nam5/triggers/enviarnotificacionexpo-634557: Invalid resource state for "": Permission denied while using the Eventarc Service Agent. If you recently started to use Eventarc, it may take a few minutes before all necessary permissions are propagated to the Service Agent. Otherwise, verify that it has Eventarc Service Agent role. 
[warn] ⚠  functions: Since this is your first time using 2nd gen functions, we need a little bit longer to finish setting everything up. Retry the deployment in a few minutes. 
[warn] ⚠  functions:  failed to create function projects/proyecto-final-dam-85abd/locations/us-central1/functions/enviarNotificacionExpo 
[error] Failed to create function projects/proyecto-final-dam-85abd/locations/us-central1/functions/enviarNotificacionExpo
[debug] [2025-05-24T21:16:24.093Z] Total Function Deployment time: 16320
[debug] [2025-05-24T21:16:24.093Z] 1 Functions Deployed
[debug] [2025-05-24T21:16:24.093Z] 1 Functions Errored
[debug] [2025-05-24T21:16:24.093Z] 0 Function Deployments Aborted
[debug] [2025-05-24T21:16:24.093Z] Average Function Deployment time: 16319
[info] 
[info] Functions deploy had errors with the following functions:
	enviarNotificacionExpo(us-central1)
[debug] [2025-05-24T21:16:24.282Z] Checked if tokens are valid: true, expires at: 1748123251875
[debug] [2025-05-24T21:16:24.282Z] Checked if tokens are valid: true, expires at: 1748123251875
[debug] [2025-05-24T21:16:24.282Z] >>> [apiv2][query] GET https://artifactregistry.googleapis.com/v1/projects/proyecto-final-dam-85abd/locations/us-central1/repositories/gcf-artifacts [none]
[debug] [2025-05-24T21:16:24.876Z] <<< [apiv2][status] GET https://artifactregistry.googleapis.com/v1/projects/proyecto-final-dam-85abd/locations/us-central1/repositories/gcf-artifacts 404
[debug] [2025-05-24T21:16:24.876Z] <<< [apiv2][body] GET https://artifactregistry.googleapis.com/v1/projects/proyecto-final-dam-85abd/locations/us-central1/repositories/gcf-artifacts {"error":{"code":404,"message":"Requested entity was not found.","status":"NOT_FOUND"}}
[debug] [2025-05-24T21:16:24.876Z] Failed to check artifact cleanup policy for region us-central1: Request to https://artifactregistry.googleapis.com/v1/projects/proyecto-final-dam-85abd/locations/us-central1/repositories/gcf-artifacts had HTTP Error: 404, Requested entity was not found. {"name":"FirebaseError","children":[],"context":{"body":{"error":{"code":404,"message":"Requested entity was not found.","status":"NOT_FOUND"}},"response":{"statusCode":404}},"exit":1,"message":"Request to https://artifactregistry.googleapis.com/v1/projects/proyecto-final-dam-85abd/locations/us-central1/repositories/gcf-artifacts had HTTP Error: 404, Requested entity was not found.","status":404}
[debug] [2025-05-24T21:16:24.877Z] Functions deploy failed.
[debug] [2025-05-24T21:16:24.877Z] {
  "endpoint": {
    "id": "enviarNotificacionExpo",
    "project": "proyecto-final-dam-85abd",
    "region": "us-central1",
    "entryPoint": "enviarNotificacionExpo",
    "platform": "gcfv2",
    "runtime": "nodejs20",
    "eventTrigger": {
      "eventType": "google.cloud.firestore.document.v1.created",
      "retry": false,
      "eventFilters": {
        "database": "(default)",
        "namespace": "(default)"
      },
      "eventFilterPathPatterns": {
        "document": "viajes/{viajeId}/sugerencias/{sugerenciaId}"
      },
      "region": "nam5"
    },
    "labels": {
      "deployment-tool": "cli-firebase"
    },
    "serviceAccount": null,
    "ingressSettings": null,
    "availableMemoryMb": null,
    "timeoutSeconds": null,
    "maxInstances": null,
    "minInstances": null,
    "concurrency": 80,
    "vpc": null,
    "environmentVariables": {
      "FIREBASE_CONFIG": "{\"projectId\":\"proyecto-final-dam-85abd\",\"storageBucket\":\"proyecto-final-dam-85abd.firebasestorage.app\"}",
      "GCLOUD_PROJECT": "proyecto-final-dam-85abd",
      "EVENTARC_CLOUD_EVENT_SOURCE": "projects/proyecto-final-dam-85abd/locations/us-central1/services/enviarNotificacionExpo"
    },
    "codebase": "default",
    "cpu": 1,
    "targetedByOnly": false,
    "hash": "9aa95298e8a3f919b39adb6b3f3a6088b13edc9c"
  },
  "op": "create",
  "original": {
    "name": "FirebaseError",
    "children": [],
    "context": {
      "function": "projects/proyecto-final-dam-85abd/locations/us-central1/functions/enviarNotificacionExpo"
    },
    "exit": 1,
    "message": "Failed to create function projects/proyecto-final-dam-85abd/locations/us-central1/functions/enviarNotificacionExpo",
    "original": {
      "name": "FirebaseError",
      "children": [],
      "context": {
        "body": {
          "error": {
            "code": 400,
            "message": "Validation failed for trigger projects/proyecto-final-dam-85abd/locations/nam5/triggers/enviarnotificacionexpo-634557: Invalid resource state for \"\": Permission denied while using the Eventarc Service Agent. If you recently started to use Eventarc, it may take a few minutes before all necessary permissions are propagated to the Service Agent. Otherwise, verify that it has Eventarc Service Agent role.",
            "status": "FAILED_PRECONDITION"
          }
        },
        "response": {
          "statusCode": 400
        }
      },
      "exit": 1,
      "message": "Request to https://cloudfunctions.googleapis.com/v2/projects/proyecto-final-dam-85abd/locations/us-central1/functions?functionId=enviarNotificacionExpo had HTTP Error: 400, Validation failed for trigger projects/proyecto-final-dam-85abd/locations/nam5/triggers/enviarnotificacionexpo-634557: Invalid resource state for \"\": Permission denied while using the Eventarc Service Agent. If you recently started to use Eventarc, it may take a few minutes before all necessary permissions are propagated to the Service Agent. Otherwise, verify that it has Eventarc Service Agent role.",
      "status": 400
    },
    "status": 400,
    "code": 400
  }
}
[debug] [2025-05-24T21:16:24.959Z] Error: Failed to create function enviarNotificacionExpo in region us-central1
    at /Users/merchito/.npm-global/lib/node_modules/firebase-tools/lib/deploy/functions/release/fabricator.js:294:27
    at process.processTicksAndRejections (node:internal/process/task_queues:105:5)
    at async Fabricator.createV2Function (/Users/merchito/.npm-global/lib/node_modules/firebase-tools/lib/deploy/functions/release/fabricator.js:278:30)
    at async Fabricator.createEndpoint (/Users/merchito/.npm-global/lib/node_modules/firebase-tools/lib/deploy/functions/release/fabricator.js:137:13)
    at async handle (/Users/merchito/.npm-global/lib/node_modules/firebase-tools/lib/deploy/functions/release/fabricator.js:89:17)
[error] 
[error] Error: There was an error deploying functions
[debug] [2025-05-24T22:08:12.120Z] ----------------------------------------------------------------------
[debug] [2025-05-24T22:08:12.121Z] Command:       /usr/local/bin/node /Users/merchito/.npm-global/bin/firebase functions:shell
[debug] [2025-05-24T22:08:12.122Z] CLI Version:   14.4.0
[debug] [2025-05-24T22:08:12.122Z] Platform:      darwin
[debug] [2025-05-24T22:08:12.122Z] Node Version:  v22.14.0
[debug] [2025-05-24T22:08:12.122Z] Time:          Sat May 24 2025 17:08:12 GMT-0500 (Colombia Standard Time)
[debug] [2025-05-24T22:08:12.122Z] ----------------------------------------------------------------------
[debug] 
[debug] [2025-05-24T22:08:12.187Z] > command requires scopes: ["email","openid","https://www.googleapis.com/auth/cloudplatformprojects.readonly","https://www.googleapis.com/auth/firebase","https://www.googleapis.com/auth/cloud-platform"]
[debug] [2025-05-24T22:08:12.188Z] > authorizing via signed-in user (bmerchansandoval@gmail.com)
[debug] [2025-05-24T22:08:12.188Z] [iam] checking project proyecto-final-dam-85abd for permissions ["firebase.projects.get"]
[debug] [2025-05-24T22:08:12.188Z] Checked if tokens are valid: false, expires at: 1748123251875
[debug] [2025-05-24T22:08:12.188Z] Checked if tokens are valid: false, expires at: 1748123251875
[debug] [2025-05-24T22:08:12.188Z] > refreshing access token with scopes: []
[debug] [2025-05-24T22:08:12.189Z] >>> [apiv2][query] POST https://www.googleapis.com/oauth2/v3/token [none]
[debug] [2025-05-24T22:08:12.189Z] >>> [apiv2][body] POST https://www.googleapis.com/oauth2/v3/token [omitted]
[debug] [2025-05-24T22:08:12.437Z] <<< [apiv2][status] POST https://www.googleapis.com/oauth2/v3/token 200
[debug] [2025-05-24T22:08:12.437Z] <<< [apiv2][body] POST https://www.googleapis.com/oauth2/v3/token [omitted]
[debug] [2025-05-24T22:08:12.452Z] >>> [apiv2][query] POST https://cloudresourcemanager.googleapis.com/v1/projects/proyecto-final-dam-85abd:testIamPermissions [none]
[debug] [2025-05-24T22:08:12.452Z] >>> [apiv2][(partial)header] POST https://cloudresourcemanager.googleapis.com/v1/projects/proyecto-final-dam-85abd:testIamPermissions x-goog-quota-user=projects/proyecto-final-dam-85abd
[debug] [2025-05-24T22:08:12.452Z] >>> [apiv2][body] POST https://cloudresourcemanager.googleapis.com/v1/projects/proyecto-final-dam-85abd:testIamPermissions {"permissions":["firebase.projects.get"]}
[debug] [2025-05-24T22:08:12.989Z] <<< [apiv2][status] POST https://cloudresourcemanager.googleapis.com/v1/projects/proyecto-final-dam-85abd:testIamPermissions 200
[debug] [2025-05-24T22:08:12.989Z] <<< [apiv2][body] POST https://cloudresourcemanager.googleapis.com/v1/projects/proyecto-final-dam-85abd:testIamPermissions {"permissions":["firebase.projects.get"]}
[warn] ⚠  functions: Functions Emulator unable to start on port 5000, starting on 5001 instead. {"metadata":{"emulator":{"name":"functions"},"message":"Functions Emulator unable to start on port 5000, starting on 5001 instead."}}
[debug] [2025-05-24T22:08:13.098Z] [functions] Functions Emulator only supports listening on one address (127.0.0.1). Not listening on ::1
[debug] [2025-05-24T22:08:13.100Z] defaultcredentials: writing to file /Users/merchito/.config/firebase/bmerchansandoval_gmail_com_application_default_credentials.json
[debug] [2025-05-24T22:08:13.101Z] DEBUG: Setting GAC to /Users/merchito/.config/firebase/bmerchansandoval_gmail_com_application_default_credentials.json
[debug] [2025-05-24T22:08:13.101Z] Checked if tokens are valid: true, expires at: 1748128091437
[debug] [2025-05-24T22:08:13.101Z] Checked if tokens are valid: true, expires at: 1748128091437
[debug] [2025-05-24T22:08:13.101Z] >>> [apiv2][query] GET https://firebase.googleapis.com/v1beta1/projects/proyecto-final-dam-85abd/adminSdkConfig [none]
[debug] [2025-05-24T22:08:13.645Z] <<< [apiv2][status] GET https://firebase.googleapis.com/v1beta1/projects/proyecto-final-dam-85abd/adminSdkConfig 200
[debug] [2025-05-24T22:08:13.645Z] <<< [apiv2][body] GET https://firebase.googleapis.com/v1beta1/projects/proyecto-final-dam-85abd/adminSdkConfig {"projectId":"proyecto-final-dam-85abd","storageBucket":"proyecto-final-dam-85abd.firebasestorage.app"}
[debug] [2025-05-24T22:08:13.657Z] [functions] Watching "/Users/merchito/Desktop/Quinto semestre/DAM/WheelsApp/Wheels-App/functions" for Cloud Functions...
[debug] [2025-05-24T22:08:13.660Z] Validating nodejs source
[debug] [2025-05-24T22:08:14.382Z] > [functions] package.json contents: {
  "name": "functions",
  "description": "Cloud Functions for Firebase",
  "scripts": {
    "lint": "eslint .",
    "serve": "firebase emulators:start --only functions",
    "shell": "firebase functions:shell",
    "start": "npm run shell",
    "deploy": "firebase deploy --only functions",
    "logs": "firebase functions:log"
  },
  "engines": {
    "node": "20"
  },
  "main": "index.js",
  "dependencies": {
    "firebase-admin": "^12.6.0",
    "firebase-functions": "^6.3.2",
    "node-fetch": "^3.3.2"
  },
  "devDependencies": {
    "eslint": "^8.15.0",
    "eslint-config-google": "^0.14.0",
    "firebase-functions-test": "^3.1.0"
  },
  "private": true
}
[debug] [2025-05-24T22:08:14.382Z] Building nodejs source
[debug] [2025-05-24T22:08:14.382Z] Failed to find version of module node: reached end of search path /Users/merchito/Desktop/Quinto semestre/DAM/WheelsApp/Wheels-App/functions/node_modules
[warn] ⚠  functions: Your requested "node" version "20" doesn't match your global version "22". Using node@22 from host. 
[debug] [2025-05-24T22:08:14.383Z] Could not find functions.yaml. Must use http discovery
[debug] [2025-05-24T22:08:14.389Z] Found firebase-functions binary at '/Users/merchito/Desktop/Quinto semestre/DAM/WheelsApp/Wheels-App/functions/node_modules/.bin/firebase-functions'
[info] Serving at port 8251

[debug] [2025-05-24T22:08:14.659Z] Got response from /__/functions.yaml {"endpoints":{"enviarNotificacionExpo":{"availableMemoryMb":null,"timeoutSeconds":null,"minInstances":null,"maxInstances":null,"ingressSettings":null,"concurrency":null,"serviceAccountEmail":null,"vpc":null,"platform":"gcfv2","labels":{},"eventTrigger":{"eventType":"google.cloud.firestore.document.v1.created","eventFilters":{"database":"(default)","namespace":"(default)"},"eventFilterPathPatterns":{"document":"viajes/{viajeId}/sugerencias/{sugerenciaId}"},"retry":false},"entryPoint":"enviarNotificacionExpo"}},"specVersion":"v1alpha1","requiredAPIs":[],"extensions":{}}
[debug] [2025-05-24T22:08:18.680Z] [functions] Loaded functions definitions from source: enviarNotificacionExpo.
[debug] [2025-05-24T22:08:18.680Z] [functions[us-central1-enviarNotificacionExpo]] function ignored because the firestore emulator does not exist or is not running.
[info] i  functions: Loaded functions: enviarNotificacionExpo 
[warn] ⚠  functions: The following emulators are not running, calls to these services will affect production: firestore, database, pubsub, storage, eventarc, tasks 
